
     | | | | | | |
   _________________
  -|               |-
  -|               |-
  -|               |-
  -|    CYPRESS    |-
  -|               |-
  -|               |-   Warp VHDL Synthesis Compiler: Version 6.3 IR 35
  -|               |-   Copyright (C) 1991-2001 Cypress Semiconductor
   |_______________|
     | | | | | | |

======================================================================
Compiling:  Control1.vhd
Options:    -yu -e10 -w100 -o2 -ygs -fP -v10 -dc22v10 -ppalc22v10d-25pc -b Control1.vhd -u Control1.hie
======================================================================

vhdlfe V6.3 IR 35:  VHDL parser
Mon Jun 30 01:30:46 2025

Library 'work' => directory 'lc22v10'
Linking 'C:\ARCHIV~1\Cypress\Warp\bin\std.vhd'.
Linking 'C:\ARCHIV~1\Cypress\Warp\lib\common\cypress.vhd'.
Linking 'C:\ARCHIV~1\Cypress\Warp\lib\common\work\cypress.vif'.
Library 'ieee' => directory 'C:\ARCHIV~1\Cypress\Warp\lib\ieee\work'
Linking 'C:\ARCHIV~1\Cypress\Warp\lib\ieee\work\stdlogic.vif'.

vhdlfe:  No errors.


tovif V6.3 IR 35:  High-level synthesis
Mon Jun 30 01:30:46 2025

Linking 'C:\ARCHIV~1\Cypress\Warp\bin\std.vhd'.
Linking 'C:\ARCHIV~1\Cypress\Warp\lib\common\cypress.vhd'.
Linking 'C:\ARCHIV~1\Cypress\Warp\lib\common\work\cypress.vif'.
Linking 'C:\ARCHIV~1\Cypress\Warp\lib\ieee\work\stdlogic.vif'.

tovif:  No errors.


topld V6.3 IR 35:  Synthesis and optimization
Mon Jun 30 01:30:46 2025

Linking 'C:\ARCHIV~1\Cypress\Warp\bin\std.vhd'.
Linking 'C:\ARCHIV~1\Cypress\Warp\lib\common\cypress.vhd'.
Linking 'C:\ARCHIV~1\Cypress\Warp\lib\common\work\cypress.vif'.
Linking 'C:\ARCHIV~1\Cypress\Warp\lib\ieee\work\stdlogic.vif'.

----------------------------------------------------------
Detecting unused logic.
----------------------------------------------------------



------------------------------------------------------
Alias Detection
------------------------------------------------------

------------------------------------------------------
Aliased 0 equations, 0 wires.
------------------------------------------------------

----------------------------------------------------------
Circuit simplification
----------------------------------------------------------

----------------------------------------------------------
Circuit simplification results:

	Expanded 1 signals.
	Turned 0 signals into soft nodes.
	Maximum default expansion cost was set at 10.
----------------------------------------------------------

------------------------------------------------------
Alias Detection
------------------------------------------------------

------------------------------------------------------
Aliased 0 equations, 0 wires.
------------------------------------------------------
Created 13 PLD nodes.

topld:  No errors.

----------------------------------------------------------------------------
PLD Optimizer Software:       DSGNOPT.EXE    31/03/2000  [v4.02 ] 6.3 IR 35

DESIGN HEADER INFORMATION  (01:30:47)

Input File(s): Control1.pla
Device       : C22V10
Package      : palc22v10d-25pc
ReportFile   : Control1.rpt

Program Controls:
    COMMAND LANGUAGE_VHDL 
    COMMAND PROPERTY BUS_HOLD ENABLE 

Signal Requests:
    GROUP USEPOL ALL
    GROUP FAST_SLEW ALL

Completed Successfully  
----------------------------------------------------------------------------
PLD Optimizer Software:       DSGNOPT.EXE    31/03/2000  [v4.02 ] 6.3 IR 35

OPTIMIZATION OPTIONS       (01:30:47)

Messages:
  Information: Optimizing logic using best output polarity for signals:
         clear done

  Information: Selected logic optimization OFF for signals:
         extern frin



Summary:
                 Error Count = 0      Warning Count = 0

Completed Successfully  
----------------------------------------------------------------------------
PLD Optimizer Software:       MINOPT.EXE     01/NOV/1999  [v4.02 ] 6.3 IR 35

LOGIC MINIMIZATION         ()

Messages:


Summary:
                 Error Count = 0      Warning Count = 0

Completed Successfully
----------------------------------------------------------------------------
PLD Optimizer Software:       DSGNOPT.EXE    31/03/2000  [v4.02 ] 6.3 IR 35

OPTIMIZATION OPTIONS       (01:30:47)

Messages:
  Information: Optimizing Banked Preset/Reset requirements.


Summary:
                 Error Count = 0      Warning Count = 0

Completed Successfully  
----------------------------------------------------------------------------
PLD Compiler Software:        PLA2JED.EXE    31/03/2000  [v4.02 ] 6.3 IR 35

<CYPRESSTAG name="Equations" icon=FILE_RPT_EQUATION>
DESIGN EQUATIONS           (01:30:47)
</CYPRESSTAG>

    clear =
          i(3) * t(3) 
        + i(2) * t(3) 
        + i(1) * t(1) 
        + i(0) * t(1) 
        + t(0) * /w 

    done =
          i(3) * t(3) 
        + i(2) * t(3) 
        + i(1) * t(1) 
        + i(0) * t(1) 

    extern =
          i(0) * t(1) 

    frin =
          t(0) * w 


Completed Successfully  
----------------------------------------------------------------------------
PLD Compiler Software:        PLA2JED.EXE    31/03/2000  [v4.02 ] 6.3 IR 35

DESIGN RULE CHECK          (01:30:47)

Messages:
                 None.


Summary:
                 Error Count = 0      Warning Count = 0

Completed Successfully  
----------------------------------------------------------------------------
PLD Compiler Software:        PLA2JED.EXE    31/03/2000  [v4.02 ] 6.3 IR 35

<CYPRESSTAG name="Pinout" icon=FILE_RPT_PINOUT>
PINOUT INFORMATION   (01:30:47)
</CYPRESSTAG>
Messages:
  Information: Checking for duplicate NODE logic.
                 None.


                                 C22V10
                 __________________________________________
              w =| 1|                                  |24|* not used       
           t(3) =| 2|                                  |23|= done           
           t(1) =| 3|                                  |22|= extern         
           t(0) =| 4|                                  |21|* not used       
           i(3) =| 5|                                  |20|* not used       
           i(2) =| 6|                                  |19|* not used       
           i(1) =| 7|                                  |18|* not used       
           i(0) =| 8|                                  |17|* not used       
       not used *| 9|                                  |16|* not used       
       not used *|10|                                  |15|= frin           
       not used *|11|                                  |14|= clear          
       not used *|12|                                  |13|* not used       
                 __________________________________________


Summary:
                 Error Count = 0      Warning Count = 0

Completed Successfully  
----------------------------------------------------------------------------
PLD Compiler Software:        PLA2JED.EXE    31/03/2000  [v4.02 ] 6.3 IR 35

<CYPRESSTAG name="Utilization" icon=FILE_RPT_UTILIZATION>
RESOURCE UTILIZATION (01:30:47)
</CYPRESSTAG>
  Information: Macrocell Utilization.

                     Description        Used     Max
                 ______________________________________
                 | Dedicated Inputs   |    7  |   11  |
                 | Clock/Inputs       |    1  |    1  |
                 | I/O Macrocells     |    4  |   10  |
                 ______________________________________
                                          12  /   22   = 54  %


  Information: Output Logic Product Term Utilization.

                  Node#  Output Signal Name  Used   Max
                 ________________________________________
                 | 14  |  clear           |   5  |   8  |
                 | 15  |  frin            |   1  |  10  |
                 | 16  |  Unused          |   0  |  12  |
                 | 17  |  Unused          |   0  |  14  |
                 | 18  |  Unused          |   0  |  16  |
                 | 19  |  Unused          |   0  |  16  |
                 | 20  |  Unused          |   0  |  14  |
                 | 21  |  Unused          |   0  |  12  |
                 | 22  |  extern          |   1  |  10  |
                 | 23  |  done            |   4  |   8  |
                 | 25  |  Unused          |   0  |   1  |
                 ________________________________________
                                             11  / 121   = 9   %


Completed Successfully  
----------------------------------------------------------------------------
PLD Compiler Software:        PLA2JED.EXE    31/03/2000  [v4.02 ] 6.3 IR 35

JEDEC ASSEMBLE             (01:30:47)

Messages:
  Information: Output file 'Control1.pin' created.
  Information: Output file 'Control1.jed' created.

  Usercode:    
  Checksum:    51F1



Summary:
                 Error Count = 0      Warning Count = 0

Completed Successfully at 01:30:47
